<?xml version="1.0" encoding="UTF-8"?>
<!-- Generated by org.testng.reporters.JUnitReportReporter -->
<testsuite skipped="0" hostname="AsusX415" name="switchToPractice1.Frames1" tests="1" failures="0" timestamp="2023-02-15T18:32:41 IST" time="3.933" errors="0">
  <testcase name="frame" time="3.933" classname="switchToPractice1.Frames1"/>
  <system-out/>
</testsuite> <!-- switchToPractice1.Frames1 -->
