<?xml version="1.0" encoding="UTF-8"?>
<!-- Generated by org.testng.reporters.JUnitReportReporter -->
<testsuite hostname="AsusX415" failures="0" tests="3" name="package1.ErrorMsg1" time="8.664" errors="0" timestamp="2024-07-29T13:44:37 IST" skipped="0">
  <testcase classname="package1.ErrorMsg1" name="test1" time="3.769"/>
  <testcase classname="package1.ErrorMsg1" name="test3" time="2.472"/>
  <testcase classname="package1.ErrorMsg1" name="test2" time="2.423"/>
</testsuite> <!-- package1.ErrorMsg1 -->
