<?xml version="1.0" encoding="UTF-8"?>
<!-- Generated by org.testng.reporters.JUnitReportReporter -->
<testsuite hostname="AsusX415" failures="0" tests="1" name="package1.DropDown2" time="12.617" errors="0" timestamp="2024-07-29T19:19:45 IST" skipped="0">
  <testcase classname="package1.DropDown2" name="test1" time="12.617"/>
</testsuite> <!-- package1.DropDown2 -->
