<?xml version="1.0" encoding="UTF-8"?>
<!-- Generated by org.testng.reporters.JUnitReportReporter -->
<testsuite hostname="AsusX415" failures="0" tests="1" name="testNGPractice1.TestNG2" time="7.009" errors="0" timestamp="2024-07-08T12:30:23 IST" skipped="0">
  <testcase classname="testNGPractice1.TestNG2" name="test1" time="7.009"/>
</testsuite> <!-- testNGPractice1.TestNG2 -->
