<?xml version="1.0" encoding="UTF-8"?>
<!-- Generated by org.testng.reporters.JUnitReportReporter -->
<testsuite skipped="0" hostname="AsusX415" name="package1.DropDown3" tests="1" failures="0" timestamp="2023-02-15T17:39:10 IST" time="13.441" errors="0">
  <testcase name="test1" time="13.441" classname="package1.DropDown3"/>
  <system-out/>
</testsuite> <!-- package1.DropDown3 -->
