<?xml version="1.0" encoding="UTF-8"?>
<!-- Generated by org.testng.reporters.JUnitReportReporter -->
<testsuite skipped="0" hostname="AsusX415" name="testNGPractice1.TestNG5" tests="5" failures="0" timestamp="2023-04-25T15:56:40 IST" time="0.033" errors="0">
  <testcase name="type" time="0.007" classname="testNGPractice1.TestNG5"/>
  <system-out/>
  <testcase name="type" time="0.009" classname="testNGPractice1.TestNG5"/>
  <system-out/>
  <testcase name="type" time="0.005" classname="testNGPractice1.TestNG5"/>
  <system-out/>
  <testcase name="type" time="0.006" classname="testNGPractice1.TestNG5"/>
  <system-out/>
  <testcase name="type" time="0.006" classname="testNGPractice1.TestNG5"/>
  <system-out/>
</testsuite> <!-- testNGPractice1.TestNG5 -->
