<?xml version="1.0" encoding="UTF-8"?>
<!-- Generated by org.testng.reporters.JUnitReportReporter -->
<testsuite hostname="AsusX415" failures="0" tests="5" name="testNGPractice1.TestNG4" time="24.709" errors="0" timestamp="2023-10-20T21:14:05 IST" skipped="0">
  <testcase classname="testNGPractice1.TestNG4" name="text" time="0.001"/>
  <system-out/>
  <testcase classname="testNGPractice1.TestNG4" name="chrome" time="2.879"/>
  <system-out/>
  <testcase classname="testNGPractice1.TestNG4" name="brave" time="9.699"/>
  <system-out/>
  <testcase classname="testNGPractice1.TestNG4" name="edge" time="5.344"/>
  <system-out/>
  <testcase classname="testNGPractice1.TestNG4" name="firefox" time="6.786"/>
  <system-out/>
</testsuite> <!-- testNGPractice1.TestNG4 -->
