<?xml version="1.0" encoding="UTF-8"?>
<!-- Generated by org.testng.reporters.JUnitReportReporter -->
<testsuite hostname="AsusX415" failures="0" tests="5" name="testNGPractice1.TestNG1" time="18.107" errors="0" timestamp="2024-07-08T12:29:41 IST" skipped="0">
  <testcase classname="testNGPractice1.TestNG1" name="text" time="0.002"/>
  <testcase classname="testNGPractice1.TestNG1" name="edge" time="3.436"/>
  <testcase classname="testNGPractice1.TestNG1" name="chrome" time="3.208"/>
  <testcase classname="testNGPractice1.TestNG1" name="firefox" time="7.348"/>
  <testcase classname="testNGPractice1.TestNG1" name="brave" time="4.113"/>
</testsuite> <!-- testNGPractice1.TestNG1 -->
