<?xml version="1.0" encoding="UTF-8"?>
<!-- Generated by org.testng.reporters.JUnitReportReporter -->
<testsuite skipped="0" hostname="AsusX415" name="testNGPractice1.TestNG1" tests="5" failures="0" timestamp="2023-05-16T17:37:56 IST" time="21.613" errors="0">
  <testcase name="edge" time="6.127" classname="testNGPractice1.TestNG1"/>
  <system-out/>
  <testcase name="chrome" time="2.746" classname="testNGPractice1.TestNG1"/>
  <system-out/>
  <testcase name="firefox" time="5.385" classname="testNGPractice1.TestNG1"/>
  <system-out/>
  <testcase name="brave" time="7.355" classname="testNGPractice1.TestNG1"/>
  <system-out/>
  <testcase name="text" time="0.000" classname="testNGPractice1.TestNG1"/>
  <system-out/>
</testsuite> <!-- testNGPractice1.TestNG1 -->
