<?xml version="1.0" encoding="UTF-8"?>
<!-- Generated by org.testng.reporters.JUnitReportReporter -->
<testsuite hostname="AsusX415" failures="0" tests="1" name="test123.Calculatedate2" time="15.206" errors="0" timestamp="2023-12-06T08:07:18 IST" skipped="0">
  <testcase classname="test123.Calculatedate2" name="result" time="15.206"/>
</testsuite> <!-- test123.Calculatedate2 -->
