<?xml version="1.0" encoding="UTF-8"?>
<!-- Generated by org.testng.reporters.JUnitReportReporter -->
<testsuite hostname="AsusX415" failures="0" tests="1" name="test123.Calculatedate2" time="16.187" errors="0" timestamp="2024-11-22T20:19:45 IST" skipped="0">
  <testcase classname="test123.Calculatedate2" name="result" time="16.187"/>
</testsuite> <!-- test123.Calculatedate2 -->
