<?xml version="1.0" encoding="UTF-8"?>
<!-- Generated by org.testng.reporters.JUnitReportReporter -->
<testsuite skipped="0" hostname="AsusX415" name="switchToPractice1.Windows1" tests="1" failures="0" timestamp="2023-05-03T19:08:19 IST" time="9.247" errors="0">
  <testcase name="window" time="9.247" classname="switchToPractice1.Windows1"/>
  <system-out/>
</testsuite> <!-- switchToPractice1.Windows1 -->
