<?xml version="1.0" encoding="UTF-8"?>
<!-- Generated by org.testng.reporters.JUnitReportReporter -->
<testsuite skipped="0" hostname="AsusX415" name="testNGPractice1.TestNG4" tests="5" failures="0" timestamp="2023-05-02T18:45:43 IST" time="15.519" errors="0">
  <testcase name="brave" time="4.777" classname="testNGPractice1.TestNG4"/>
  <system-out/>
  <testcase name="chrome" time="2.741" classname="testNGPractice1.TestNG4"/>
  <system-out/>
  <testcase name="firefox" time="4.665" classname="testNGPractice1.TestNG4"/>
  <system-out/>
  <testcase name="text" time="0.000" classname="testNGPractice1.TestNG4"/>
  <system-out/>
  <testcase name="edge" time="3.336" classname="testNGPractice1.TestNG4"/>
  <system-out/>
</testsuite> <!-- testNGPractice1.TestNG4 -->
