<?xml version="1.0" encoding="UTF-8"?>
<!-- Generated by org.testng.reporters.JUnitReportReporter -->
<testsuite skipped="0" hostname="AsusX415" name="switchToPractice1.Windows3" tests="1" failures="0" timestamp="2023-05-03T18:29:15 IST" time="7.165" errors="0">
  <testcase name="handleWindow" time="7.165" classname="switchToPractice1.Windows3"/>
  <system-out/>
</testsuite> <!-- switchToPractice1.Windows3 -->
