<?xml version="1.0" encoding="UTF-8"?>
<!-- Generated by org.testng.reporters.JUnitReportReporter -->
<testsuite hostname="AsusX415" failures="0" tests="1" name="package1.DropDown3" time="16.147" errors="0" timestamp="2024-07-29T13:41:58 IST" skipped="0">
  <testcase classname="package1.DropDown3" name="test1" time="16.147"/>
</testsuite> <!-- package1.DropDown3 -->
