<?xml version="1.0" encoding="UTF-8"?>
<!-- Generated by org.testng.reporters.JUnitReportReporter -->
<testsuite skipped="0" hostname="AsusX415" name="testNGPractice1.TestNG1" tests="5" failures="0" timestamp="2023-02-15T16:55:23 IST" time="25.921" errors="0">
  <testcase name="chrome" time="3.893" classname="testNGPractice1.TestNG1"/>
  <system-out/>
  <testcase name="firefox" time="6.706" classname="testNGPractice1.TestNG1"/>
  <system-out/>
  <testcase name="brave" time="6.745" classname="testNGPractice1.TestNG1"/>
  <system-out/>
  <testcase name="edge" time="8.577" classname="testNGPractice1.TestNG1"/>
  <system-out/>
  <testcase name="text" time="0.000" classname="testNGPractice1.TestNG1"/>
  <system-out/>
</testsuite> <!-- testNGPractice1.TestNG1 -->
