<?xml version="1.0" encoding="UTF-8"?>
<!-- Generated by org.testng.reporters.JUnitReportReporter -->
<testsuite skipped="0" hostname="AsusX415" name="testNGPractice1.TestNG1" tests="5" failures="0" timestamp="2023-05-17T10:14:15 IST" time="17.381" errors="0">
  <testcase name="chrome" time="3.249" classname="testNGPractice1.TestNG1"/>
  <system-out/>
  <testcase name="edge" time="4.162" classname="testNGPractice1.TestNG1"/>
  <system-out/>
  <testcase name="brave" time="4.597" classname="testNGPractice1.TestNG1"/>
  <system-out/>
  <testcase name="firefox" time="5.373" classname="testNGPractice1.TestNG1"/>
  <system-out/>
  <testcase name="text" time="0.000" classname="testNGPractice1.TestNG1"/>
  <system-out/>
</testsuite> <!-- testNGPractice1.TestNG1 -->
