<?xml version="1.0" encoding="UTF-8"?>
<!-- Generated by org.testng.reporters.JUnitReportReporter -->
<testsuite skipped="0" hostname="AsusX415" name="testNGPractice1.TestNG5" tests="5" failures="0" timestamp="2023-05-17T10:14:15 IST" time="0.000" errors="0">
  <testcase name="type" time="0.000" classname="testNGPractice1.TestNG5"/>
  <system-out/>
  <testcase name="type" time="0.000" classname="testNGPractice1.TestNG5"/>
  <system-out/>
  <testcase name="type" time="0.000" classname="testNGPractice1.TestNG5"/>
  <system-out/>
  <testcase name="type" time="0.000" classname="testNGPractice1.TestNG5"/>
  <system-out/>
  <testcase name="type" time="0.000" classname="testNGPractice1.TestNG5"/>
  <system-out/>
</testsuite> <!-- testNGPractice1.TestNG5 -->
