<?xml version="1.0" encoding="UTF-8"?>
<!-- Generated by org.testng.reporters.JUnitReportReporter -->
<testsuite skipped="0" hostname="AsusX415" name="testNGPractice1.TestNG4" tests="5" failures="0" timestamp="2023-02-15T16:55:23 IST" time="17.779" errors="0">
  <testcase name="chrome" time="3.278" classname="testNGPractice1.TestNG4"/>
  <system-out/>
  <testcase name="firefox" time="5.573" classname="testNGPractice1.TestNG4"/>
  <system-out/>
  <testcase name="brave" time="4.119" classname="testNGPractice1.TestNG4"/>
  <system-out/>
  <testcase name="text" time="0.000" classname="testNGPractice1.TestNG4"/>
  <system-out/>
  <testcase name="edge" time="4.809" classname="testNGPractice1.TestNG4"/>
  <system-out/>
</testsuite> <!-- testNGPractice1.TestNG4 -->
