<?xml version="1.0" encoding="UTF-8"?>
<!-- Generated by org.testng.reporters.JUnitReportReporter -->
<testsuite skipped="0" hostname="AsusX415" name="testNGPractice1.TestNG2" tests="1" failures="0" timestamp="2023-02-15T16:55:23 IST" time="5.492" errors="0">
  <testcase name="test1" time="5.492" classname="testNGPractice1.TestNG2"/>
  <system-out/>
</testsuite> <!-- testNGPractice1.TestNG2 -->
