<?xml version="1.0" encoding="UTF-8"?>
<!-- Generated by org.testng.reporters.JUnitReportReporter -->
<testsuite skipped="0" hostname="AsusX415" name="testNGPractice1.TestNG4" tests="5" failures="0" timestamp="2023-05-17T10:14:15 IST" time="15.737" errors="0">
  <testcase name="edge" time="3.928" classname="testNGPractice1.TestNG4"/>
  <system-out/>
  <testcase name="chrome" time="3.098" classname="testNGPractice1.TestNG4"/>
  <system-out/>
  <testcase name="brave" time="3.374" classname="testNGPractice1.TestNG4"/>
  <system-out/>
  <testcase name="text" time="0.000" classname="testNGPractice1.TestNG4"/>
  <system-out/>
  <testcase name="firefox" time="5.337" classname="testNGPractice1.TestNG4"/>
  <system-out/>
</testsuite> <!-- testNGPractice1.TestNG4 -->
